<?xml version="1.0" encoding="UTF-8"?>
<!-- Generated by org.testng.reporters.JUnitReportReporter -->
<testsuite hostname="6b4315183027" failures="0" tests="20" name="com.yehorychev.tests.flightreservation.FlightReservationTest" time="30.505" errors="0" timestamp="2024-07-11T00:09:45 GMT" skipped="0">
  <testcase classname="com.yehorychev.tests.flightreservation.FlightReservationTest" name="flightReservationConfirmationTest" time="1.063"/>
  <testcase classname="com.yehorychev.tests.flightreservation.FlightReservationTest" name="flightReservationConfirmationTest" time="1.572"/>
  <testcase classname="com.yehorychev.tests.flightreservation.FlightReservationTest" name="userRegistrationTest" time="1.163"/>
  <testcase classname="com.yehorychev.tests.flightreservation.FlightReservationTest" name="userRegistrationTest" time="1.147"/>
  <testcase classname="com.yehorychev.tests.flightreservation.FlightReservationTest" name="registrationConfirmationTest" time="1.097"/>
  <testcase classname="com.yehorychev.tests.flightreservation.FlightReservationTest" name="userRegistrationTest" time="1.160"/>
  <testcase classname="com.yehorychev.tests.flightreservation.FlightReservationTest" name="flightSelectionTest" time="0.671"/>
  <testcase classname="com.yehorychev.tests.flightreservation.FlightReservationTest" name="flightSearchTest" time="2.331"/>
  <testcase classname="com.yehorychev.tests.flightreservation.FlightReservationTest" name="flightSearchTest" time="2.025"/>
  <testcase classname="com.yehorychev.tests.flightreservation.FlightReservationTest" name="registrationConfirmationTest" time="0.582"/>
  <testcase classname="com.yehorychev.tests.flightreservation.FlightReservationTest" name="flightSelectionTest" time="2.203"/>
  <testcase classname="com.yehorychev.tests.flightreservation.FlightReservationTest" name="flightReservationConfirmationTest" time="1.574"/>
  <testcase classname="com.yehorychev.tests.flightreservation.FlightReservationTest" name="registrationConfirmationTest" time="2.126"/>
  <testcase classname="com.yehorychev.tests.flightreservation.FlightReservationTest" name="registrationConfirmationTest" time="1.610"/>
  <testcase classname="com.yehorychev.tests.flightreservation.FlightReservationTest" name="flightSearchTest" time="2.026"/>
  <testcase classname="com.yehorychev.tests.flightreservation.FlightReservationTest" name="flightSelectionTest" time="1.183"/>
  <testcase classname="com.yehorychev.tests.flightreservation.FlightReservationTest" name="flightSearchTest" time="2.547"/>
  <testcase classname="com.yehorychev.tests.flightreservation.FlightReservationTest" name="userRegistrationTest" time="1.161"/>
  <testcase classname="com.yehorychev.tests.flightreservation.FlightReservationTest" name="flightSelectionTest" time="2.199"/>
  <testcase classname="com.yehorychev.tests.flightreservation.FlightReservationTest" name="flightReservationConfirmationTest" time="1.065"/>
</testsuite> <!-- com.yehorychev.tests.flightreservation.FlightReservationTest -->
