<?xml version="1.0" encoding="UTF-8"?>
<!-- Generated by org.testng.reporters.JUnitReportReporter -->
<testsuite hostname="5e9dc985d791" failures="0" tests="20" name="com.yehorychev.tests.flightreservation.FlightReservationTest" time="27.953" errors="0" timestamp="2024-06-27T02:00:47 GMT" skipped="0">
  <testcase classname="com.yehorychev.tests.flightreservation.FlightReservationTest" name="flightReservationConfirmationTest" time="0.586"/>
  <testcase classname="com.yehorychev.tests.flightreservation.FlightReservationTest" name="flightSearchTest" time="1.218"/>
  <testcase classname="com.yehorychev.tests.flightreservation.FlightReservationTest" name="registrationConfirmationTest" time="1.683"/>
  <testcase classname="com.yehorychev.tests.flightreservation.FlightReservationTest" name="userRegistrationTest" time="1.018"/>
  <testcase classname="com.yehorychev.tests.flightreservation.FlightReservationTest" name="flightSearchTest" time="1.206"/>
  <testcase classname="com.yehorychev.tests.flightreservation.FlightReservationTest" name="flightReservationConfirmationTest" time="1.624"/>
  <testcase classname="com.yehorychev.tests.flightreservation.FlightReservationTest" name="flightSearchTest" time="2.265"/>
  <testcase classname="com.yehorychev.tests.flightreservation.FlightReservationTest" name="flightReservationConfirmationTest" time="1.103"/>
  <testcase classname="com.yehorychev.tests.flightreservation.FlightReservationTest" name="userRegistrationTest" time="1.018"/>
  <testcase classname="com.yehorychev.tests.flightreservation.FlightReservationTest" name="registrationConfirmationTest" time="1.692"/>
  <testcase classname="com.yehorychev.tests.flightreservation.FlightReservationTest" name="registrationConfirmationTest" time="2.707"/>
  <testcase classname="com.yehorychev.tests.flightreservation.FlightReservationTest" name="flightReservationConfirmationTest" time="0.583"/>
  <testcase classname="com.yehorychev.tests.flightreservation.FlightReservationTest" name="registrationConfirmationTest" time="1.684"/>
  <testcase classname="com.yehorychev.tests.flightreservation.FlightReservationTest" name="flightSelectionTest" time="2.218"/>
  <testcase classname="com.yehorychev.tests.flightreservation.FlightReservationTest" name="flightSelectionTest" time="1.707"/>
  <testcase classname="com.yehorychev.tests.flightreservation.FlightReservationTest" name="flightSelectionTest" time="0.663"/>
  <testcase classname="com.yehorychev.tests.flightreservation.FlightReservationTest" name="flightSelectionTest" time="2.217"/>
  <testcase classname="com.yehorychev.tests.flightreservation.FlightReservationTest" name="userRegistrationTest" time="1.018"/>
  <testcase classname="com.yehorychev.tests.flightreservation.FlightReservationTest" name="flightSearchTest" time="0.712"/>
  <testcase classname="com.yehorychev.tests.flightreservation.FlightReservationTest" name="userRegistrationTest" time="1.031"/>
</testsuite> <!-- com.yehorychev.tests.flightreservation.FlightReservationTest -->
