<?xml version="1.0" encoding="UTF-8"?>
<!-- Generated by org.testng.reporters.JUnitReportReporter -->
<testsuite hostname="be5f551f9b05" failures="0" tests="9" name="com.yehorychev.tests.vendorportal.VendorPortalTest" time="14.818" errors="0" timestamp="2024-07-11T00:09:41 GMT" skipped="0">
  <testcase classname="com.yehorychev.tests.vendorportal.VendorPortalTest" name="logoutTest" time="1.247"/>
  <testcase classname="com.yehorychev.tests.vendorportal.VendorPortalTest" name="loginTest" time="0.693"/>
  <testcase classname="com.yehorychev.tests.vendorportal.VendorPortalTest" name="loginTest" time="0.693"/>
  <testcase classname="com.yehorychev.tests.vendorportal.VendorPortalTest" name="dashboardTest" time="3.468"/>
  <testcase classname="com.yehorychev.tests.vendorportal.VendorPortalTest" name="dashboardTest" time="2.131"/>
  <testcase classname="com.yehorychev.tests.vendorportal.VendorPortalTest" name="dashboardTest" time="2.930"/>
  <testcase classname="com.yehorychev.tests.vendorportal.VendorPortalTest" name="logoutTest" time="1.732"/>
  <testcase classname="com.yehorychev.tests.vendorportal.VendorPortalTest" name="loginTest" time="0.693"/>
  <testcase classname="com.yehorychev.tests.vendorportal.VendorPortalTest" name="logoutTest" time="1.231"/>
</testsuite> <!-- com.yehorychev.tests.vendorportal.VendorPortalTest -->
